Started GET "/" for ::1 at 2020-07-21 21:54:36 -0300
Processing by WelcomeController#index as HTML
  Rendering welcome/index.html.erb within layouts/application
  Rendered welcome/index.html.erb within layouts/application (8.2ms)
Completed 200 OK in 882ms (Views: 874.6ms | ActiveRecord: 0.0ms)


Started GET "/" for ::1 at 2020-07-21 21:55:44 -0300
Processing by WelcomeController#index as HTML
  Rendering welcome/index.html.erb within layouts/application
  Rendered welcome/index.html.erb within layouts/application (0.6ms)
Completed 200 OK in 50ms (Views: 46.9ms | ActiveRecord: 0.0ms)


Started GET "/inicio" for ::1 at 2020-07-21 21:55:50 -0300
Processing by WelcomeController#index as HTML
  Rendering welcome/index.html.erb within layouts/application
  Rendered welcome/index.html.erb within layouts/application (0.4ms)
Completed 200 OK in 52ms (Views: 50.5ms | ActiveRecord: 0.0ms)


Started GET "/inicio" for ::1 at 2020-07-21 22:34:22 -0300
Processing by WelcomeController#index as HTML
Filter chain halted as #<Proc:0x000055d72507ac40 /home/asalves/.rbenv/versions/2.7.1/lib/ruby/gems/2.7.0/gems/actionpack-5.2.4.3/lib/action_controller/metal/http_authentication.rb:72> rendered or redirected
Completed 401 Unauthorized in 8ms (ActiveRecord: 0.0ms)


Started GET "/inicio" for ::1 at 2020-07-21 22:34:37 -0300
Processing by WelcomeController#index as HTML
  Rendering welcome/index.html.erb within layouts/application
  Rendered welcome/index.html.erb within layouts/application (0.7ms)
Completed 200 OK in 250ms (Views: 245.2ms | ActiveRecord: 0.0ms)


Started GET "/inicio" for ::1 at 2020-07-21 23:38:41 -0300
  
ActiveRecord::PendingMigrationError (

Migrations are pending. To resolve this issue, run:

        bin/rails db:migrate RAILS_ENV=development

):
  
activerecord (5.2.4.3) lib/active_record/migration.rb:579:in `check_pending!'
activerecord (5.2.4.3) lib/active_record/migration.rb:556:in `call'
actionpack (5.2.4.3) lib/action_dispatch/middleware/callbacks.rb:28:in `block in call'
activesupport (5.2.4.3) lib/active_support/callbacks.rb:98:in `run_callbacks'
actionpack (5.2.4.3) lib/action_dispatch/middleware/callbacks.rb:26:in `call'
actionpack (5.2.4.3) lib/action_dispatch/middleware/executor.rb:14:in `call'
actionpack (5.2.4.3) lib/action_dispatch/middleware/debug_exceptions.rb:61:in `call'
web-console (3.7.0) lib/web_console/middleware.rb:135:in `call_app'
web-console (3.7.0) lib/web_console/middleware.rb:30:in `block in call'
web-console (3.7.0) lib/web_console/middleware.rb:20:in `catch'
web-console (3.7.0) lib/web_console/middleware.rb:20:in `call'
actionpack (5.2.4.3) lib/action_dispatch/middleware/show_exceptions.rb:33:in `call'
railties (5.2.4.3) lib/rails/rack/logger.rb:38:in `call_app'
railties (5.2.4.3) lib/rails/rack/logger.rb:26:in `block in call'
activesupport (5.2.4.3) lib/active_support/tagged_logging.rb:71:in `block in tagged'
activesupport (5.2.4.3) lib/active_support/tagged_logging.rb:28:in `tagged'
activesupport (5.2.4.3) lib/active_support/tagged_logging.rb:71:in `tagged'
railties (5.2.4.3) lib/rails/rack/logger.rb:26:in `call'
sprockets-rails (3.2.1) lib/sprockets/rails/quiet_assets.rb:13:in `call'
actionpack (5.2.4.3) lib/action_dispatch/middleware/remote_ip.rb:81:in `call'
actionpack (5.2.4.3) lib/action_dispatch/middleware/request_id.rb:27:in `call'
rack (2.2.3) lib/rack/method_override.rb:24:in `call'
rack (2.2.3) lib/rack/runtime.rb:22:in `call'
activesupport (5.2.4.3) lib/active_support/cache/strategy/local_cache_middleware.rb:29:in `call'
actionpack (5.2.4.3) lib/action_dispatch/middleware/executor.rb:14:in `call'
actionpack (5.2.4.3) lib/action_dispatch/middleware/static.rb:127:in `call'
rack (2.2.3) lib/rack/sendfile.rb:110:in `call'
railties (5.2.4.3) lib/rails/engine.rb:524:in `call'
puma (3.12.6) lib/puma/configuration.rb:227:in `call'
puma (3.12.6) lib/puma/server.rb:706:in `handle_request'
puma (3.12.6) lib/puma/server.rb:476:in `process_client'
puma (3.12.6) lib/puma/server.rb:334:in `block in run'
puma (3.12.6) lib/puma/thread_pool.rb:135:in `block in spawn_thread'
  [1m[35m (0.1ms)[0m  [1m[34mSELECT sqlite_version(*)[0m
  ↳ bin/rails:9
  [1m[35m (126.1ms)[0m  [1m[35mCREATE TABLE "schema_migrations" ("version" varchar NOT NULL PRIMARY KEY)[0m
  ↳ bin/rails:9
  [1m[35m (179.9ms)[0m  [1m[35mCREATE TABLE "ar_internal_metadata" ("key" varchar NOT NULL PRIMARY KEY, "value" varchar, "created_at" datetime NOT NULL, "updated_at" datetime NOT NULL)[0m
  ↳ bin/rails:9
  [1m[35m (0.3ms)[0m  [1m[34mSELECT "schema_migrations"."version" FROM "schema_migrations" ORDER BY "schema_migrations"."version" ASC[0m
  ↳ bin/rails:9
Migrating to DeviseCreateAdmins (20200722022658)
  [1m[35m (0.1ms)[0m  [1m[36mbegin transaction[0m
  ↳ bin/rails:9
  [1m[35m (1.3ms)[0m  [1m[35mCREATE TABLE "admins" ("id" integer PRIMARY KEY AUTOINCREMENT NOT NULL, "email" varchar DEFAULT '' NOT NULL, "encrypted_password" varchar DEFAULT '' NOT NULL, "reset_password_token" varchar, "reset_password_sent_at" datetime, "remember_created_at" datetime, "created_at" datetime NOT NULL, "updated_at" datetime NOT NULL)[0m
  ↳ db/migrate/20200722022658_devise_create_admins.rb:5
  [1m[35m (0.3ms)[0m  [1m[35mCREATE UNIQUE INDEX "index_admins_on_email" ON "admins" ("email")[0m
  ↳ db/migrate/20200722022658_devise_create_admins.rb:39
  [1m[35m (0.2ms)[0m  [1m[35mCREATE UNIQUE INDEX "index_admins_on_reset_password_token" ON "admins" ("reset_password_token")[0m
  ↳ db/migrate/20200722022658_devise_create_admins.rb:40
  [1m[36mActiveRecord::SchemaMigration Create (0.3ms)[0m  [1m[32mINSERT INTO "schema_migrations" ("version") VALUES (?)[0m  [["version", "20200722022658"]]
  ↳ bin/rails:9
  [1m[35m (188.8ms)[0m  [1m[36mcommit transaction[0m
  ↳ bin/rails:9
Migrating to DeviseCreateProfiles (20200722022720)
  [1m[35m (0.2ms)[0m  [1m[36mbegin transaction[0m
  ↳ bin/rails:9
  [1m[35m (1.6ms)[0m  [1m[35mCREATE TABLE "profiles" ("id" integer PRIMARY KEY AUTOINCREMENT NOT NULL, "email" varchar DEFAULT '' NOT NULL, "encrypted_password" varchar DEFAULT '' NOT NULL, "reset_password_token" varchar, "reset_password_sent_at" datetime, "remember_created_at" datetime, "created_at" datetime NOT NULL, "updated_at" datetime NOT NULL)[0m
  ↳ db/migrate/20200722022720_devise_create_profiles.rb:5
  [1m[35m (0.2ms)[0m  [1m[35mCREATE UNIQUE INDEX "index_profiles_on_email" ON "profiles" ("email")[0m
  ↳ db/migrate/20200722022720_devise_create_profiles.rb:39
  [1m[35m (0.2ms)[0m  [1m[35mCREATE UNIQUE INDEX "index_profiles_on_reset_password_token" ON "profiles" ("reset_password_token")[0m
  ↳ db/migrate/20200722022720_devise_create_profiles.rb:40
  [1m[36mActiveRecord::SchemaMigration Create (0.2ms)[0m  [1m[32mINSERT INTO "schema_migrations" ("version") VALUES (?)[0m  [["version", "20200722022720"]]
  ↳ bin/rails:9
  [1m[35m (85.9ms)[0m  [1m[36mcommit transaction[0m
  ↳ bin/rails:9
  [1m[36mActiveRecord::InternalMetadata Load (0.3ms)[0m  [1m[34mSELECT  "ar_internal_metadata".* FROM "ar_internal_metadata" WHERE "ar_internal_metadata"."key" = ? LIMIT ?[0m  [["key", "environment"], ["LIMIT", 1]]
  ↳ bin/rails:9
  [1m[35m (0.1ms)[0m  [1m[36mbegin transaction[0m
  ↳ bin/rails:9
  [1m[36mActiveRecord::InternalMetadata Create (0.5ms)[0m  [1m[32mINSERT INTO "ar_internal_metadata" ("key", "value", "created_at", "updated_at") VALUES (?, ?, ?, ?)[0m  [["key", "environment"], ["value", "development"], ["created_at", "2020-07-22 02:39:09.939994"], ["updated_at", "2020-07-22 02:39:09.939994"]]
  ↳ bin/rails:9
  [1m[35m (105.3ms)[0m  [1m[36mcommit transaction[0m
  ↳ bin/rails:9
  [1m[35m (0.2ms)[0m  [1m[34mSELECT "schema_migrations"."version" FROM "schema_migrations" ORDER BY "schema_migrations"."version" ASC[0m
  ↳ bin/rails:9
Started GET "/inicio" for ::1 at 2020-07-21 23:39:17 -0300
  [1m[35m (0.4ms)[0m  [1m[34mSELECT "schema_migrations"."version" FROM "schema_migrations" ORDER BY "schema_migrations"."version" ASC[0m
  ↳ /home/asalves/.rbenv/versions/2.7.1/lib/ruby/gems/2.7.0/gems/activerecord-5.2.4.3/lib/active_record/log_subscriber.rb:98
Processing by WelcomeController#index as HTML
  Rendering welcome/index.html.erb within layouts/application
  Rendered welcome/index.html.erb within layouts/application (1.2ms)
Completed 200 OK in 333ms (Views: 323.8ms | ActiveRecord: 0.0ms)


Started GET "/" for ::1 at 2020-07-21 23:39:24 -0300
Processing by WelcomeController#index as HTML
  Rendering welcome/index.html.erb within layouts/application
  Rendered welcome/index.html.erb within layouts/application (0.5ms)
Completed 200 OK in 32ms (Views: 30.3ms | ActiveRecord: 0.0ms)


Started GET "/" for ::1 at 2020-07-21 23:39:45 -0300
Processing by WelcomeController#index as HTML
  Rendering welcome/index.html.erb within layouts/application
  Rendered welcome/index.html.erb within layouts/application (0.7ms)
Completed 200 OK in 30ms (Views: 28.2ms | ActiveRecord: 0.0ms)


Started GET "/rails/info/routes" for ::1 at 2020-07-21 23:39:51 -0300
Processing by Rails::InfoController#routes as HTML
  Rendering /home/asalves/.rbenv/versions/2.7.1/lib/ruby/gems/2.7.0/gems/railties-5.2.4.3/lib/rails/templates/rails/info/routes.html.erb within layouts/application
  Rendered collection of /home/asalves/.rbenv/versions/2.7.1/lib/ruby/gems/2.7.0/gems/actionpack-5.2.4.3/lib/action_dispatch/middleware/templates/routes/_route.html.erb [38 times] (67.0ms)
  Rendered /home/asalves/.rbenv/versions/2.7.1/lib/ruby/gems/2.7.0/gems/actionpack-5.2.4.3/lib/action_dispatch/middleware/templates/routes/_table.html.erb (27.2ms)
  Rendered /home/asalves/.rbenv/versions/2.7.1/lib/ruby/gems/2.7.0/gems/railties-5.2.4.3/lib/rails/templates/rails/info/routes.html.erb within layouts/application (135.3ms)
Completed 200 OK in 143ms (Views: 139.3ms | ActiveRecord: 0.0ms)


Started GET "/" for ::1 at 2020-07-21 23:40:28 -0300
Processing by WelcomeController#index as HTML
  Rendering welcome/index.html.erb within layouts/application
  Rendered welcome/index.html.erb within layouts/application (0.7ms)
Completed 200 OK in 39ms (Views: 36.4ms | ActiveRecord: 0.0ms)


Started GET "/profiles/sign_in" for ::1 at 2020-07-21 23:40:36 -0300
Processing by Devise::SessionsController#new as HTML
  Rendering profiles/sessions/new.html.erb within layouts/application
  Rendered profiles/shared/_links.html.erb (2.0ms)
  Rendered profiles/sessions/new.html.erb within layouts/application (228.9ms)
Completed 200 OK in 289ms (Views: 258.8ms | ActiveRecord: 1.2ms)


Started GET "/profiles/sign_in" for ::1 at 2020-07-21 23:43:54 -0300
Processing by Devise::SessionsController#new as HTML
  Rendering profiles/sessions/new.html.erb within layouts/application
  Rendered profiles/shared/_links.html.erb (1.0ms)
  Rendered profiles/sessions/new.html.erb within layouts/application (5.7ms)
Completed 200 OK in 32ms (Views: 30.1ms | ActiveRecord: 0.0ms)


Started GET "/profiles/sign_in" for ::1 at 2020-07-22 00:08:55 -0300
  [1m[35m (0.2ms)[0m  [1m[34mSELECT "schema_migrations"."version" FROM "schema_migrations" ORDER BY "schema_migrations"."version" ASC[0m
  ↳ /home/asalves/.rbenv/versions/2.7.1/lib/ruby/gems/2.7.0/gems/activerecord-5.2.4.3/lib/active_record/log_subscriber.rb:98
Processing by Devise::SessionsController#new as HTML
  Rendering profiles/sessions/new.html.erb within layouts/application
  Rendered profiles/shared/_links.html.erb (5.1ms)
  Rendered profiles/sessions/new.html.erb within layouts/application (722.6ms)
Completed 200 OK in 1042ms (Views: 997.7ms | ActiveRecord: 2.8ms)


Started GET "/admins/sign_in" for ::1 at 2020-07-22 00:09:30 -0300
Processing by Devise::SessionsController#new as HTML
  Rendering admins/sessions/new.html.erb within layouts/application
  Rendered admins/sessions/new.html.erb within layouts/application (1.6ms)
Completed 500 Internal Server Error in 39ms (ActiveRecord: 0.9ms)


  
SyntaxError (/home/asalves/time-to-answer/app/views/admins/sessions/new.html.erb:5: syntax error, unexpected `end'
...eze;@output_buffer.append=( end );@output_buffer.safe_append...
...                            ^~~
/home/asalves/time-to-answer/app/views/admins/sessions/new.html.erb:33: syntax error, unexpected `ensure', expecting ')'
          ensure
          ^~~~~~
/home/asalves/time-to-answer/app/views/admins/sessions/new.html.erb:35: syntax error, unexpected `end', expecting ')'
          end
          ^~~
):
  
app/views/admins/sessions/new.html.erb:5: syntax error, unexpected `end'
app/views/admins/sessions/new.html.erb:33: syntax error, unexpected `ensure', expecting ')'
app/views/admins/sessions/new.html.erb:35: syntax error, unexpected `end', expecting ')'
Started GET "/admins/sign_in" for ::1 at 2020-07-22 00:10:00 -0300
Processing by Devise::SessionsController#new as HTML
  Rendering admins/sessions/new.html.erb within layouts/application
  Rendered admins/shared/_links.html.erb (2.0ms)
  Rendered admins/sessions/new.html.erb within layouts/application (7.5ms)
Completed 200 OK in 43ms (Views: 40.9ms | ActiveRecord: 0.0ms)


Started POST "/admins/sign_in" for ::1 at 2020-07-22 00:15:11 -0300
  [1m[35m (0.4ms)[0m  [1m[34mSELECT "schema_migrations"."version" FROM "schema_migrations" ORDER BY "schema_migrations"."version" ASC[0m
  ↳ /home/asalves/.rbenv/versions/2.7.1/lib/ruby/gems/2.7.0/gems/activerecord-5.2.4.3/lib/active_record/log_subscriber.rb:98
Processing by Devise::SessionsController#create as HTML
  Parameters: {"utf8"=>"✓", "authenticity_token"=>"ga4dfp8yY64TsMx2DR1nxvlBRdE8U/23I436Dpk1hBStV0j4QqZaSZRAz8Nf7g0brOzGrGGi9TnMRNX9llAuXw==", "admin"=>{"email"=>"", "password"=>"[FILTERED]", "remember_me"=>"0"}, "commit"=>"Log in"}
Completed 401 Unauthorized in 12ms (ActiveRecord: 0.0ms)


Processing by Devise::SessionsController#new as HTML
  Parameters: {"utf8"=>"✓", "authenticity_token"=>"ga4dfp8yY64TsMx2DR1nxvlBRdE8U/23I436Dpk1hBStV0j4QqZaSZRAz8Nf7g0brOzGrGGi9TnMRNX9llAuXw==", "admin"=>{"email"=>"", "password"=>"[FILTERED]", "remember_me"=>"0"}, "commit"=>"Log in"}
  Rendering admins/sessions/new.html.erb within layouts/application
  Rendered admins/shared/_links.html.erb (1.7ms)
  Rendered admins/sessions/new.html.erb within layouts/application (21.3ms)
Completed 200 OK in 233ms (Views: 216.8ms | ActiveRecord: 0.9ms)


Started POST "/admins/sign_in" for ::1 at 2020-07-22 00:15:13 -0300
Processing by Devise::SessionsController#create as HTML
  Parameters: {"utf8"=>"✓", "authenticity_token"=>"cqA4GXRsqtkA0urjzo5k8lhHpsyMtjGUyFqBj7VYfEdeWW2fqfiTPoci6VacfQ4vDeolsdFHORonk658uj3WDA==", "admin"=>{"email"=>"", "password"=>"[FILTERED]", "remember_me"=>"0"}, "commit"=>"Log in"}
Completed 401 Unauthorized in 2ms (ActiveRecord: 0.0ms)


Processing by Devise::SessionsController#new as HTML
  Parameters: {"utf8"=>"✓", "authenticity_token"=>"cqA4GXRsqtkA0urjzo5k8lhHpsyMtjGUyFqBj7VYfEdeWW2fqfiTPoci6VacfQ4vDeolsdFHORonk658uj3WDA==", "admin"=>{"email"=>"", "password"=>"[FILTERED]", "remember_me"=>"0"}, "commit"=>"Log in"}
  Rendering admins/sessions/new.html.erb within layouts/application
  Rendered admins/shared/_links.html.erb (1.7ms)
  Rendered admins/sessions/new.html.erb within layouts/application (7.0ms)
Completed 200 OK in 42ms (Views: 40.3ms | ActiveRecord: 0.0ms)


Started GET "/admins/sign_in" for ::1 at 2020-07-22 00:15:15 -0300
Processing by Devise::SessionsController#new as HTML
  Rendering admins/sessions/new.html.erb within layouts/application
  Rendered admins/shared/_links.html.erb (1.8ms)
  Rendered admins/sessions/new.html.erb within layouts/application (8.8ms)
Completed 200 OK in 44ms (Views: 42.7ms | ActiveRecord: 0.0ms)


Started POST "/admins/sign_in" for ::1 at 2020-07-22 00:15:17 -0300
Processing by Devise::SessionsController#create as HTML
  Parameters: {"utf8"=>"✓", "authenticity_token"=>"ziC5n6bmxHe7F57sX6ZjIRs/lVPoMDnSyaqfUMk3imbi2ewZe3L9kDznnVkNVQn8TpIWLrXBMVwmY7CjxlIgLQ==", "admin"=>{"email"=>"", "password"=>"[FILTERED]", "remember_me"=>"0"}, "commit"=>"Log in"}
Completed 401 Unauthorized in 1ms (ActiveRecord: 0.0ms)


Processing by Devise::SessionsController#new as HTML
  Parameters: {"utf8"=>"✓", "authenticity_token"=>"ziC5n6bmxHe7F57sX6ZjIRs/lVPoMDnSyaqfUMk3imbi2ewZe3L9kDznnVkNVQn8TpIWLrXBMVwmY7CjxlIgLQ==", "admin"=>{"email"=>"", "password"=>"[FILTERED]", "remember_me"=>"0"}, "commit"=>"Log in"}
  Rendering admins/sessions/new.html.erb within layouts/application
  Rendered admins/shared/_links.html.erb (3.5ms)
  Rendered admins/sessions/new.html.erb within layouts/application (8.6ms)
Completed 200 OK in 79ms (Views: 77.3ms | ActiveRecord: 0.0ms)


Started POST "/admins/sign_in" for ::1 at 2020-07-22 00:15:35 -0300
Processing by Devise::SessionsController#create as HTML
  Parameters: {"utf8"=>"✓", "authenticity_token"=>"Sv1Qm60RA5ScyThn4UptVsqYuOgTbPS0e4TWu3U+ao1mBAUdcIU6cxs5O9KzuQeLnzU7lU6d/DqUTflIelvAxg==", "admin"=>{"email"=>"qwe@qwe", "password"=>"[FILTERED]", "remember_me"=>"0"}, "commit"=>"Log in"}
Completed 401 Unauthorized in 1ms (ActiveRecord: 0.0ms)


Processing by Devise::SessionsController#new as HTML
  Parameters: {"utf8"=>"✓", "authenticity_token"=>"Sv1Qm60RA5ScyThn4UptVsqYuOgTbPS0e4TWu3U+ao1mBAUdcIU6cxs5O9KzuQeLnzU7lU6d/DqUTflIelvAxg==", "admin"=>{"email"=>"qwe@qwe", "password"=>"[FILTERED]", "remember_me"=>"0"}, "commit"=>"Log in"}
  Rendering admins/sessions/new.html.erb within layouts/application
  Rendered admins/shared/_links.html.erb (0.9ms)
  Rendered admins/sessions/new.html.erb within layouts/application (26.3ms)
Completed 200 OK in 67ms (Views: 65.4ms | ActiveRecord: 0.0ms)


Started POST "/admins/sign_in" for ::1 at 2020-07-22 00:15:42 -0300
Processing by Devise::SessionsController#create as HTML
  Parameters: {"utf8"=>"✓", "authenticity_token"=>"eMbnxPSABCAcwBF7GgK91Zvd8ySj903SVBROh/UYGDRUP7JCKRQ9x5swEs5I8dcIznBwWf4GRVy73WF0+n2yfw==", "admin"=>{"email"=>"qwe@qwe", "password"=>"[FILTERED]", "remember_me"=>"0"}, "commit"=>"Log in"}
  [1m[36mAdmin Load (0.5ms)[0m  [1m[34mSELECT  "admins".* FROM "admins" WHERE "admins"."email" = ? ORDER BY "admins"."id" ASC LIMIT ?[0m  [["email", "qwe@qwe"], ["LIMIT", 1]]
  ↳ /home/asalves/.rbenv/versions/2.7.1/lib/ruby/gems/2.7.0/gems/activerecord-5.2.4.3/lib/active_record/log_subscriber.rb:98
Completed 401 Unauthorized in 42ms (ActiveRecord: 0.5ms)


Processing by Devise::SessionsController#new as HTML
  Parameters: {"utf8"=>"✓", "authenticity_token"=>"eMbnxPSABCAcwBF7GgK91Zvd8ySj903SVBROh/UYGDRUP7JCKRQ9x5swEs5I8dcIznBwWf4GRVy73WF0+n2yfw==", "admin"=>{"email"=>"qwe@qwe", "password"=>"[FILTERED]", "remember_me"=>"0"}, "commit"=>"Log in"}
  Rendering admins/sessions/new.html.erb within layouts/application
  Rendered admins/shared/_links.html.erb (0.9ms)
  Rendered admins/sessions/new.html.erb within layouts/application (4.0ms)
Completed 200 OK in 340ms (Views: 30.4ms | ActiveRecord: 0.0ms)


Started GET "/admins/sign_in" for ::1 at 2020-07-22 00:16:37 -0300
Processing by Devise::SessionsController#new as HTML
  Rendering admins/sessions/new.html.erb within layouts/application
  Rendered admins/shared/_links.html.erb (1.6ms)
  Rendered admins/sessions/new.html.erb within layouts/application (6.6ms)
Completed 200 OK in 40ms (Views: 38.5ms | ActiveRecord: 0.0ms)


Started GET "/admins/sign_in" for ::1 at 2020-07-22 00:16:39 -0300
Processing by Devise::SessionsController#new as HTML
  Rendering admins/sessions/new.html.erb within layouts/application
  Rendered admins/shared/_links.html.erb (1.8ms)
  Rendered admins/sessions/new.html.erb within layouts/application (6.6ms)
Completed 200 OK in 35ms (Views: 33.6ms | ActiveRecord: 0.0ms)


Started POST "/admins/sign_in" for ::1 at 2020-07-22 00:16:44 -0300
Processing by Devise::SessionsController#create as HTML
  Parameters: {"utf8"=>"✓", "authenticity_token"=>"B3VxOPN/YWwXAdCJbLTZWYNjAbMfOla9nfH9s1efpJQrjCS+LutYi5Dx0zw+R7OE1s6CzkLLXjNyONJAWPoO3w==", "admin"=>{"email"=>"andresysten@gmail.com", "password"=>"[FILTERED]", "remember_me"=>"0"}, "commit"=>"Log in"}
  [1m[36mAdmin Load (0.2ms)[0m  [1m[34mSELECT  "admins".* FROM "admins" WHERE "admins"."email" = ? ORDER BY "admins"."id" ASC LIMIT ?[0m  [["email", "andresysten@gmail.com"], ["LIMIT", 1]]
  ↳ /home/asalves/.rbenv/versions/2.7.1/lib/ruby/gems/2.7.0/gems/activerecord-5.2.4.3/lib/active_record/log_subscriber.rb:98
Completed 401 Unauthorized in 4ms (ActiveRecord: 0.2ms)


Processing by Devise::SessionsController#new as HTML
  Parameters: {"utf8"=>"✓", "authenticity_token"=>"B3VxOPN/YWwXAdCJbLTZWYNjAbMfOla9nfH9s1efpJQrjCS+LutYi5Dx0zw+R7OE1s6CzkLLXjNyONJAWPoO3w==", "admin"=>{"email"=>"andresysten@gmail.com", "password"=>"[FILTERED]", "remember_me"=>"0"}, "commit"=>"Log in"}
  Rendering admins/sessions/new.html.erb within layouts/application
  Rendered admins/shared/_links.html.erb (1.4ms)
  Rendered admins/sessions/new.html.erb within layouts/application (5.3ms)
Completed 200 OK in 319ms (Views: 28.4ms | ActiveRecord: 0.0ms)


Started GET "/admins/password/new" for ::1 at 2020-07-22 00:16:54 -0300
Processing by Devise::PasswordsController#new as HTML
  Rendering admins/passwords/new.html.erb within layouts/application
  Rendered admins/shared/_error_messages.html.erb (0.9ms)
  Rendered admins/shared/_links.html.erb (1.7ms)
  Rendered admins/passwords/new.html.erb within layouts/application (7.3ms)
Completed 200 OK in 40ms (Views: 38.1ms | ActiveRecord: 0.0ms)


Started POST "/admins/sign_in" for ::1 at 2020-07-22 00:17:03 -0300
Processing by Devise::SessionsController#create as HTML
  Parameters: {"utf8"=>"✓", "authenticity_token"=>"oIrvIXSbrGq7NrwIaPm6/8t8uPAAuM1dYNGGJ2Gd2FmMc7qnqQ+VjTzGv706CtAintE7jV1JxdOPGKnUbvhyEg==", "admin"=>{"email"=>"andresysten@gmail.com", "password"=>"[FILTERED]", "remember_me"=>"0"}, "commit"=>"Log in"}
  [1m[36mAdmin Load (0.1ms)[0m  [1m[34mSELECT  "admins".* FROM "admins" WHERE "admins"."email" = ? ORDER BY "admins"."id" ASC LIMIT ?[0m  [["email", "andresysten@gmail.com"], ["LIMIT", 1]]
  ↳ /home/asalves/.rbenv/versions/2.7.1/lib/ruby/gems/2.7.0/gems/activerecord-5.2.4.3/lib/active_record/log_subscriber.rb:98
Completed 401 Unauthorized in 9ms (ActiveRecord: 0.1ms)


Processing by Devise::SessionsController#new as HTML
  Parameters: {"utf8"=>"✓", "authenticity_token"=>"oIrvIXSbrGq7NrwIaPm6/8t8uPAAuM1dYNGGJ2Gd2FmMc7qnqQ+VjTzGv706CtAintE7jV1JxdOPGKnUbvhyEg==", "admin"=>{"email"=>"andresysten@gmail.com", "password"=>"[FILTERED]", "remember_me"=>"0"}, "commit"=>"Log in"}
  Rendering admins/sessions/new.html.erb within layouts/application
  Rendered admins/shared/_links.html.erb (1.5ms)
  Rendered admins/sessions/new.html.erb within layouts/application (5.1ms)
Completed 200 OK in 318ms (Views: 28.7ms | ActiveRecord: 0.0ms)


Started GET "/admins/sign_in" for ::1 at 2020-07-22 00:17:25 -0300
  [1m[35m (0.2ms)[0m  [1m[34mSELECT "schema_migrations"."version" FROM "schema_migrations" ORDER BY "schema_migrations"."version" ASC[0m
  ↳ /home/asalves/.rbenv/versions/2.7.1/lib/ruby/gems/2.7.0/gems/activerecord-5.2.4.3/lib/active_record/log_subscriber.rb:98
Processing by Devise::SessionsController#new as HTML
  Rendering admins/sessions/new.html.erb within layouts/application
  Rendered admins/shared/_links.html.erb (1.7ms)
  Rendered admins/sessions/new.html.erb within layouts/application (68.9ms)
Completed 200 OK in 342ms (Views: 315.5ms | ActiveRecord: 1.4ms)


Started POST "/admins/sign_in" for ::1 at 2020-07-22 00:17:30 -0300
Processing by Devise::SessionsController#create as HTML
  Parameters: {"utf8"=>"✓", "authenticity_token"=>"F42O6dUtV20JF1DMPvT+sDEY13XtSczEmxIqwn7xazc7dNtvCLluio7nU3lsB5RtZLVUCLC4xEp02wUxcZTBfA==", "admin"=>{"email"=>"andresysten@gmail.com", "password"=>"[FILTERED]", "remember_me"=>"0"}, "commit"=>"Log in"}
  [1m[36mAdmin Load (0.4ms)[0m  [1m[34mSELECT  "admins".* FROM "admins" WHERE "admins"."email" = ? ORDER BY "admins"."id" ASC LIMIT ?[0m  [["email", "andresysten@gmail.com"], ["LIMIT", 1]]
  ↳ /home/asalves/.rbenv/versions/2.7.1/lib/ruby/gems/2.7.0/gems/activerecord-5.2.4.3/lib/active_record/log_subscriber.rb:98
Completed 401 Unauthorized in 8ms (ActiveRecord: 0.4ms)


Processing by Devise::SessionsController#new as HTML
  Parameters: {"utf8"=>"✓", "authenticity_token"=>"F42O6dUtV20JF1DMPvT+sDEY13XtSczEmxIqwn7xazc7dNtvCLluio7nU3lsB5RtZLVUCLC4xEp02wUxcZTBfA==", "admin"=>{"email"=>"andresysten@gmail.com", "password"=>"[FILTERED]", "remember_me"=>"0"}, "commit"=>"Log in"}
  Rendering admins/sessions/new.html.erb within layouts/application
  Rendered admins/shared/_links.html.erb (1.1ms)
  Rendered admins/sessions/new.html.erb within layouts/application (4.4ms)
Completed 200 OK in 321ms (Views: 27.1ms | ActiveRecord: 0.0ms)


Started POST "/admins/sign_in" for ::1 at 2020-07-22 00:18:22 -0300
Processing by Devise::SessionsController#create as HTML
  Parameters: {"utf8"=>"✓", "authenticity_token"=>"C/PmOEfo5C/xbjiFx05XgNpvaYDPLiamXOFPhzGHR/onCrO+mnzdyHaeOzCVvT1dj8Lq/ZLfLiizKGB0PuLtsQ==", "admin"=>{"email"=>"andresysten@gmail.com", "password"=>"[FILTERED]", "remember_me"=>"0"}, "commit"=>"Log in"}
  [1m[36mAdmin Load (0.2ms)[0m  [1m[34mSELECT  "admins".* FROM "admins" WHERE "admins"."email" = ? ORDER BY "admins"."id" ASC LIMIT ?[0m  [["email", "andresysten@gmail.com"], ["LIMIT", 1]]
  ↳ /home/asalves/.rbenv/versions/2.7.1/lib/ruby/gems/2.7.0/gems/activerecord-5.2.4.3/lib/active_record/log_subscriber.rb:98
Completed 401 Unauthorized in 2ms (ActiveRecord: 0.2ms)


Processing by Devise::SessionsController#new as HTML
  Parameters: {"utf8"=>"✓", "authenticity_token"=>"C/PmOEfo5C/xbjiFx05XgNpvaYDPLiamXOFPhzGHR/onCrO+mnzdyHaeOzCVvT1dj8Lq/ZLfLiizKGB0PuLtsQ==", "admin"=>{"email"=>"andresysten@gmail.com", "password"=>"[FILTERED]", "remember_me"=>"0"}, "commit"=>"Log in"}
  Rendering admins/sessions/new.html.erb within layouts/application
  Rendered admins/shared/_links.html.erb (1.0ms)
  Rendered admins/sessions/new.html.erb within layouts/application (3.9ms)
Completed 200 OK in 311ms (Views: 25.3ms | ActiveRecord: 0.0ms)


Started GET "/admins/sign_in" for ::1 at 2020-07-22 00:18:52 -0300
Processing by Devise::SessionsController#new as HTML
  Rendering admins/sessions/new.html.erb within layouts/application
  Rendered admins/shared/_links.html.erb (1.2ms)
  Rendered admins/sessions/new.html.erb within layouts/application (4.6ms)
Completed 200 OK in 34ms (Views: 32.3ms | ActiveRecord: 0.0ms)


Started POST "/admins/sign_in" for ::1 at 2020-07-22 00:19:00 -0300
Processing by Devise::SessionsController#create as HTML
  Parameters: {"utf8"=>"✓", "authenticity_token"=>"hISrNggtCI8YX5iDw4QibvlGh/4TXCke5tiq3lSR3Imoff6w1bkxaJ+vmzaRd0izrOsEg06tIZAJEYUtW/R2wg==", "admin"=>{"email"=>"andresysten@gmail.com", "password"=>"[FILTERED]", "remember_me"=>"0"}, "commit"=>"Log in"}
  [1m[36mAdmin Load (0.2ms)[0m  [1m[34mSELECT  "admins".* FROM "admins" WHERE "admins"."email" = ? ORDER BY "admins"."id" ASC LIMIT ?[0m  [["email", "andresysten@gmail.com"], ["LIMIT", 1]]
  ↳ /home/asalves/.rbenv/versions/2.7.1/lib/ruby/gems/2.7.0/gems/activerecord-5.2.4.3/lib/active_record/log_subscriber.rb:98
Completed 401 Unauthorized in 5ms (ActiveRecord: 0.2ms)


Processing by Devise::SessionsController#new as HTML
  Parameters: {"utf8"=>"✓", "authenticity_token"=>"hISrNggtCI8YX5iDw4QibvlGh/4TXCke5tiq3lSR3Imoff6w1bkxaJ+vmzaRd0izrOsEg06tIZAJEYUtW/R2wg==", "admin"=>{"email"=>"andresysten@gmail.com", "password"=>"[FILTERED]", "remember_me"=>"0"}, "commit"=>"Log in"}
  Rendering admins/sessions/new.html.erb within layouts/application
  Rendered admins/shared/_links.html.erb (0.9ms)
  Rendered admins/sessions/new.html.erb within layouts/application (3.7ms)
Completed 200 OK in 316ms (Views: 24.2ms | ActiveRecord: 0.0ms)


Started GET "/admins/sign_in" for ::1 at 2020-07-22 00:19:13 -0300
  [1m[35m (0.2ms)[0m  [1m[34mSELECT "schema_migrations"."version" FROM "schema_migrations" ORDER BY "schema_migrations"."version" ASC[0m
  ↳ /home/asalves/.rbenv/versions/2.7.1/lib/ruby/gems/2.7.0/gems/activerecord-5.2.4.3/lib/active_record/log_subscriber.rb:98
Processing by Devise::SessionsController#new as HTML
  Rendering admins/sessions/new.html.erb within layouts/application
  Rendered admins/shared/_links.html.erb (3.9ms)
  Rendered admins/sessions/new.html.erb within layouts/application (107.6ms)
Completed 200 OK in 313ms (Views: 286.3ms | ActiveRecord: 1.4ms)


Started POST "/admins/sign_in" for ::1 at 2020-07-22 00:19:18 -0300
Processing by Devise::SessionsController#create as HTML
  Parameters: {"utf8"=>"✓", "authenticity_token"=>"DWBbiHmktzF+2mrvQSRgbRAlsBvhcipah+Gr5IWOXc8hmQ4OpDCO1vkqaVoT1wqwRYgzZryDItRoKIQXiuv3hA==", "admin"=>{"email"=>"andresysten@gmail.com", "password"=>"[FILTERED]", "remember_me"=>"0"}, "commit"=>"Log in"}
  [1m[36mAdmin Load (0.2ms)[0m  [1m[34mSELECT  "admins".* FROM "admins" WHERE "admins"."email" = ? ORDER BY "admins"."id" ASC LIMIT ?[0m  [["email", "andresysten@gmail.com"], ["LIMIT", 1]]
  ↳ /home/asalves/.rbenv/versions/2.7.1/lib/ruby/gems/2.7.0/gems/activerecord-5.2.4.3/lib/active_record/log_subscriber.rb:98
Completed 401 Unauthorized in 4ms (ActiveRecord: 0.2ms)


Processing by Devise::SessionsController#new as HTML
  Parameters: {"utf8"=>"✓", "authenticity_token"=>"DWBbiHmktzF+2mrvQSRgbRAlsBvhcipah+Gr5IWOXc8hmQ4OpDCO1vkqaVoT1wqwRYgzZryDItRoKIQXiuv3hA==", "admin"=>{"email"=>"andresysten@gmail.com", "password"=>"[FILTERED]", "remember_me"=>"0"}, "commit"=>"Log in"}
  Rendering admins/sessions/new.html.erb within layouts/application
  Rendered admins/shared/_links.html.erb (1.1ms)
  Rendered admins/sessions/new.html.erb within layouts/application (4.8ms)
Completed 200 OK in 317ms (Views: 25.9ms | ActiveRecord: 0.0ms)


Started POST "/admins/sign_in" for ::1 at 2020-07-22 00:20:29 -0300
Processing by Devise::SessionsController#create as HTML
  Parameters: {"utf8"=>"✓", "authenticity_token"=>"aMKR7ykPzWvsPRl96x7Av8ksGhlxTl12nHnTX2PGhNJEO8Rp9Jv0jGvNGsi57apinIGZZCy/VfhzsPysbKMumQ==", "admin"=>{"email"=>"andresysten@gmail.com", "password"=>"[FILTERED]", "remember_me"=>"0"}, "commit"=>"Log in"}
Completed 401 Unauthorized in 1ms (ActiveRecord: 0.0ms)


Processing by Devise::SessionsController#new as HTML
  Parameters: {"utf8"=>"✓", "authenticity_token"=>"aMKR7ykPzWvsPRl96x7Av8ksGhlxTl12nHnTX2PGhNJEO8Rp9Jv0jGvNGsi57apinIGZZCy/VfhzsPysbKMumQ==", "admin"=>{"email"=>"andresysten@gmail.com", "password"=>"[FILTERED]", "remember_me"=>"0"}, "commit"=>"Log in"}
  Rendering admins/sessions/new.html.erb within layouts/application
  Rendered admins/shared/_links.html.erb (1.8ms)
  Rendered admins/sessions/new.html.erb within layouts/application (6.0ms)
Completed 200 OK in 33ms (Views: 32.2ms | ActiveRecord: 0.0ms)


Started GET "/admins/sign_in" for ::1 at 2020-07-22 00:21:04 -0300
Processing by Devise::SessionsController#new as HTML
  Rendering admins/sessions/new.html.erb within layouts/application
  Rendered admins/shared/_links.html.erb (1.4ms)
  Rendered admins/sessions/new.html.erb within layouts/application (4.8ms)
Completed 200 OK in 31ms (Views: 29.8ms | ActiveRecord: 0.0ms)


Started POST "/admins/sign_in" for ::1 at 2020-07-22 00:21:06 -0300
Processing by Devise::SessionsController#create as HTML
  Parameters: {"utf8"=>"✓", "authenticity_token"=>"ogZFtly5LoSXu8xTy7qX+Wxlb3CT8PTE2ZHwJztDn/+O/xAwgS0XYxBLz+aZSf0kOcjsDc4B/Eo2WN/UNCY1tA==", "admin"=>{"email"=>"andresysten@gmail.com", "password"=>"[FILTERED]", "remember_me"=>"0"}, "commit"=>"Log in"}
Completed 401 Unauthorized in 1ms (ActiveRecord: 0.0ms)


Processing by Devise::SessionsController#new as HTML
  Parameters: {"utf8"=>"✓", "authenticity_token"=>"ogZFtly5LoSXu8xTy7qX+Wxlb3CT8PTE2ZHwJztDn/+O/xAwgS0XYxBLz+aZSf0kOcjsDc4B/Eo2WN/UNCY1tA==", "admin"=>{"email"=>"andresysten@gmail.com", "password"=>"[FILTERED]", "remember_me"=>"0"}, "commit"=>"Log in"}
  Rendering admins/sessions/new.html.erb within layouts/application
  Rendered admins/shared/_links.html.erb (1.2ms)
  Rendered admins/sessions/new.html.erb within layouts/application (6.1ms)
Completed 200 OK in 32ms (Views: 30.6ms | ActiveRecord: 0.0ms)


Started POST "/admins/sign_in" for ::1 at 2020-07-22 00:21:17 -0300
  [1m[35m (0.3ms)[0m  [1m[34mSELECT "schema_migrations"."version" FROM "schema_migrations" ORDER BY "schema_migrations"."version" ASC[0m
  ↳ /home/asalves/.rbenv/versions/2.7.1/lib/ruby/gems/2.7.0/gems/activerecord-5.2.4.3/lib/active_record/log_subscriber.rb:98
Processing by Devise::SessionsController#create as HTML
  Parameters: {"utf8"=>"✓", "authenticity_token"=>"pXyAYM+PbKhQv2DGu7/7eTQxucjiMgqRMSOWoWpggS2JhdXmEhtVT9dPY3PpTJGkYZw6tb/DAh/e6rlSZQUrZg==", "admin"=>{"email"=>"andresysten@gmail.com", "password"=>"[FILTERED]", "remember_me"=>"0"}, "commit"=>"Log in"}
Completed 401 Unauthorized in 8ms (ActiveRecord: 0.0ms)


Processing by Devise::SessionsController#new as HTML
  Parameters: {"utf8"=>"✓", "authenticity_token"=>"pXyAYM+PbKhQv2DGu7/7eTQxucjiMgqRMSOWoWpggS2JhdXmEhtVT9dPY3PpTJGkYZw6tb/DAh/e6rlSZQUrZg==", "admin"=>{"email"=>"andresysten@gmail.com", "password"=>"[FILTERED]", "remember_me"=>"0"}, "commit"=>"Log in"}
  Rendering admins/sessions/new.html.erb within layouts/application
  Rendered admins/shared/_links.html.erb (1.9ms)
  Rendered admins/sessions/new.html.erb within layouts/application (13.6ms)
Completed 200 OK in 244ms (Views: 226.5ms | ActiveRecord: 1.4ms)


Started GET "/" for ::1 at 2020-07-22 21:23:50 -0300
  [1m[35m (0.3ms)[0m  [1m[34mSELECT "schema_migrations"."version" FROM "schema_migrations" ORDER BY "schema_migrations"."version" ASC[0m
  ↳ /home/asalves/.rbenv/versions/2.7.1/lib/ruby/gems/2.7.0/gems/activerecord-5.2.4.3/lib/active_record/log_subscriber.rb:98
Processing by WelcomeController#index as HTML
  Rendering welcome/index.html.erb within layouts/application
  Rendered welcome/index.html.erb within layouts/application (0.9ms)
Completed 200 OK in 543ms (Views: 531.0ms | ActiveRecord: 0.0ms)


Started GET "/rails/info/routes" for ::1 at 2020-07-22 21:24:04 -0300
Processing by Rails::InfoController#routes as HTML
  Rendering /home/asalves/.rbenv/versions/2.7.1/lib/ruby/gems/2.7.0/gems/railties-5.2.4.3/lib/rails/templates/rails/info/routes.html.erb within layouts/application
  Rendered collection of /home/asalves/.rbenv/versions/2.7.1/lib/ruby/gems/2.7.0/gems/actionpack-5.2.4.3/lib/action_dispatch/middleware/templates/routes/_route.html.erb [40 times] (66.1ms)
  Rendered /home/asalves/.rbenv/versions/2.7.1/lib/ruby/gems/2.7.0/gems/actionpack-5.2.4.3/lib/action_dispatch/middleware/templates/routes/_table.html.erb (17.2ms)
  Rendered /home/asalves/.rbenv/versions/2.7.1/lib/ruby/gems/2.7.0/gems/railties-5.2.4.3/lib/rails/templates/rails/info/routes.html.erb within layouts/application (178.5ms)
Completed 200 OK in 227ms (Views: 192.0ms | ActiveRecord: 0.0ms)


Started GET "/profiles_backoffice/welcome/index" for ::1 at 2020-07-22 21:24:24 -0300
Processing by ProfilesBackoffice::WelcomeController#index as HTML
  Rendering profiles_backoffice/welcome/index.html.erb within layouts/application
  Rendered profiles_backoffice/welcome/index.html.erb within layouts/application (0.7ms)
Completed 200 OK in 61ms (Views: 56.1ms | ActiveRecord: 0.0ms)


Started GET "/profiles_backoffice/welcome/index" for ::1 at 2020-07-22 21:36:32 -0300
  [1m[35m (0.2ms)[0m  [1m[34mSELECT "schema_migrations"."version" FROM "schema_migrations" ORDER BY "schema_migrations"."version" ASC[0m
  ↳ /home/asalves/.rbenv/versions/2.7.1/lib/ruby/gems/2.7.0/gems/activerecord-5.2.4.3/lib/active_record/log_subscriber.rb:98
Processing by ProfilesBackoffice::WelcomeController#index as HTML
  Rendering profiles_backoffice/welcome/index.html.erb within layouts/profiles_backoffice
  Rendered profiles_backoffice/welcome/index.html.erb within layouts/profiles_backoffice (0.7ms)
Completed 200 OK in 285ms (Views: 277.3ms | ActiveRecord: 0.0ms)


Started GET "/admins_backoffice/welcome/index" for ::1 at 2020-07-22 21:36:44 -0300
Processing by AdminsBackoffice::WelcomeController#index as HTML
Completed 500 Internal Server Error in 60ms (ActiveRecord: 0.0ms)


  
ActionView::MissingTemplate (Missing template layouts/admins_backoffice with {:locale=>[:"pt-BR"], :formats=>[:html], :variants=>[], :handlers=>[:raw, :erb, :html, :builder, :ruby, :coffee, :jbuilder]}. Searched in:
  * "/home/asalves/time-to-answer/app/views"
  * "/home/asalves/.rbenv/versions/2.7.1/lib/ruby/gems/2.7.0/gems/devise-4.7.2/app/views"
):
  
actionview (5.2.4.3) lib/action_view/path_set.rb:48:in `find'
actionview (5.2.4.3) lib/action_view/lookup_context.rb:116:in `find'
actionview (5.2.4.3) lib/action_view/renderer/abstract_renderer.rb:20:in `find_template'
actionview (5.2.4.3) lib/action_view/renderer/template_renderer.rb:89:in `resolve_layout'
actionview (5.2.4.3) lib/action_view/renderer/template_renderer.rb:96:in `resolve_layout'
actionview (5.2.4.3) lib/action_view/renderer/template_renderer.rb:76:in `find_layout'
actionview (5.2.4.3) lib/action_view/renderer/template_renderer.rb:60:in `render_with_layout'
actionview (5.2.4.3) lib/action_view/renderer/template_renderer.rb:52:in `render_template'
actionview (5.2.4.3) lib/action_view/renderer/template_renderer.rb:16:in `render'
actionview (5.2.4.3) lib/action_view/renderer/renderer.rb:44:in `render_template'
actionview (5.2.4.3) lib/action_view/renderer/renderer.rb:25:in `render'
actionview (5.2.4.3) lib/action_view/rendering.rb:103:in `_render_template'
actionpack (5.2.4.3) lib/action_controller/metal/streaming.rb:219:in `_render_template'
actionview (5.2.4.3) lib/action_view/rendering.rb:84:in `render_to_body'
actionpack (5.2.4.3) lib/action_controller/metal/rendering.rb:52:in `render_to_body'
actionpack (5.2.4.3) lib/action_controller/metal/renderers.rb:142:in `render_to_body'
actionpack (5.2.4.3) lib/abstract_controller/rendering.rb:25:in `render'
actionpack (5.2.4.3) lib/action_controller/metal/rendering.rb:36:in `render'
actionpack (5.2.4.3) lib/action_controller/metal/instrumentation.rb:46:in `block (2 levels) in render'
activesupport (5.2.4.3) lib/active_support/core_ext/benchmark.rb:14:in `block in ms'
/home/asalves/.rbenv/versions/2.7.1/lib/ruby/2.7.0/benchmark.rb:308:in `realtime'
activesupport (5.2.4.3) lib/active_support/core_ext/benchmark.rb:14:in `ms'
actionpack (5.2.4.3) lib/action_controller/metal/instrumentation.rb:46:in `block in render'
actionpack (5.2.4.3) lib/action_controller/metal/instrumentation.rb:87:in `cleanup_view_runtime'
activerecord (5.2.4.3) lib/active_record/railties/controller_runtime.rb:31:in `cleanup_view_runtime'
actionpack (5.2.4.3) lib/action_controller/metal/instrumentation.rb:45:in `render'
actionpack (5.2.4.3) lib/action_controller/metal/implicit_render.rb:35:in `default_render'
actionpack (5.2.4.3) lib/action_controller/metal/basic_implicit_render.rb:6:in `block in send_action'
actionpack (5.2.4.3) lib/action_controller/metal/basic_implicit_render.rb:6:in `tap'
actionpack (5.2.4.3) lib/action_controller/metal/basic_implicit_render.rb:6:in `send_action'
actionpack (5.2.4.3) lib/abstract_controller/base.rb:194:in `process_action'
actionpack (5.2.4.3) lib/action_controller/metal/rendering.rb:30:in `process_action'
actionpack (5.2.4.3) lib/abstract_controller/callbacks.rb:42:in `block in process_action'
activesupport (5.2.4.3) lib/active_support/callbacks.rb:132:in `run_callbacks'
actionpack (5.2.4.3) lib/abstract_controller/callbacks.rb:41:in `process_action'
actionpack (5.2.4.3) lib/action_controller/metal/rescue.rb:22:in `process_action'
actionpack (5.2.4.3) lib/action_controller/metal/instrumentation.rb:34:in `block in process_action'
activesupport (5.2.4.3) lib/active_support/notifications.rb:168:in `block in instrument'
activesupport (5.2.4.3) lib/active_support/notifications/instrumenter.rb:23:in `instrument'
activesupport (5.2.4.3) lib/active_support/notifications.rb:168:in `instrument'
actionpack (5.2.4.3) lib/action_controller/metal/instrumentation.rb:32:in `process_action'
actionpack (5.2.4.3) lib/action_controller/metal/params_wrapper.rb:256:in `process_action'
activerecord (5.2.4.3) lib/active_record/railties/controller_runtime.rb:24:in `process_action'
actionpack (5.2.4.3) lib/abstract_controller/base.rb:134:in `process'
actionview (5.2.4.3) lib/action_view/rendering.rb:32:in `process'
actionpack (5.2.4.3) lib/action_controller/metal.rb:191:in `dispatch'
actionpack (5.2.4.3) lib/action_controller/metal.rb:252:in `dispatch'
actionpack (5.2.4.3) lib/action_dispatch/routing/route_set.rb:52:in `dispatch'
actionpack (5.2.4.3) lib/action_dispatch/routing/route_set.rb:34:in `serve'
actionpack (5.2.4.3) lib/action_dispatch/journey/router.rb:52:in `block in serve'
actionpack (5.2.4.3) lib/action_dispatch/journey/router.rb:35:in `each'
actionpack (5.2.4.3) lib/action_dispatch/journey/router.rb:35:in `serve'
actionpack (5.2.4.3) lib/action_dispatch/routing/route_set.rb:840:in `call'
warden (1.2.8) lib/warden/manager.rb:36:in `block in call'
warden (1.2.8) lib/warden/manager.rb:34:in `catch'
warden (1.2.8) lib/warden/manager.rb:34:in `call'
rack (2.2.3) lib/rack/tempfile_reaper.rb:15:in `call'
rack (2.2.3) lib/rack/etag.rb:27:in `call'
rack (2.2.3) lib/rack/conditional_get.rb:27:in `call'
rack (2.2.3) lib/rack/head.rb:12:in `call'
actionpack (5.2.4.3) lib/action_dispatch/http/content_security_policy.rb:18:in `call'
rack (2.2.3) lib/rack/session/abstract/id.rb:266:in `context'
rack (2.2.3) lib/rack/session/abstract/id.rb:260:in `call'
actionpack (5.2.4.3) lib/action_dispatch/middleware/cookies.rb:670:in `call'
activerecord (5.2.4.3) lib/active_record/migration.rb:559:in `call'
actionpack (5.2.4.3) lib/action_dispatch/middleware/callbacks.rb:28:in `block in call'
activesupport (5.2.4.3) lib/active_support/callbacks.rb:98:in `run_callbacks'
actionpack (5.2.4.3) lib/action_dispatch/middleware/callbacks.rb:26:in `call'
actionpack (5.2.4.3) lib/action_dispatch/middleware/executor.rb:14:in `call'
actionpack (5.2.4.3) lib/action_dispatch/middleware/debug_exceptions.rb:61:in `call'
web-console (3.7.0) lib/web_console/middleware.rb:135:in `call_app'
web-console (3.7.0) lib/web_console/middleware.rb:30:in `block in call'
web-console (3.7.0) lib/web_console/middleware.rb:20:in `catch'
web-console (3.7.0) lib/web_console/middleware.rb:20:in `call'
actionpack (5.2.4.3) lib/action_dispatch/middleware/show_exceptions.rb:33:in `call'
railties (5.2.4.3) lib/rails/rack/logger.rb:38:in `call_app'
railties (5.2.4.3) lib/rails/rack/logger.rb:26:in `block in call'
activesupport (5.2.4.3) lib/active_support/tagged_logging.rb:71:in `block in tagged'
activesupport (5.2.4.3) lib/active_support/tagged_logging.rb:28:in `tagged'
activesupport (5.2.4.3) lib/active_support/tagged_logging.rb:71:in `tagged'
railties (5.2.4.3) lib/rails/rack/logger.rb:26:in `call'
sprockets-rails (3.2.1) lib/sprockets/rails/quiet_assets.rb:13:in `call'
actionpack (5.2.4.3) lib/action_dispatch/middleware/remote_ip.rb:81:in `call'
actionpack (5.2.4.3) lib/action_dispatch/middleware/request_id.rb:27:in `call'
rack (2.2.3) lib/rack/method_override.rb:24:in `call'
rack (2.2.3) lib/rack/runtime.rb:22:in `call'
activesupport (5.2.4.3) lib/active_support/cache/strategy/local_cache_middleware.rb:29:in `call'
actionpack (5.2.4.3) lib/action_dispatch/middleware/executor.rb:14:in `call'
actionpack (5.2.4.3) lib/action_dispatch/middleware/static.rb:127:in `call'
rack (2.2.3) lib/rack/sendfile.rb:110:in `call'
railties (5.2.4.3) lib/rails/engine.rb:524:in `call'
puma (3.12.6) lib/puma/configuration.rb:227:in `call'
puma (3.12.6) lib/puma/server.rb:706:in `handle_request'
puma (3.12.6) lib/puma/server.rb:476:in `process_client'
puma (3.12.6) lib/puma/server.rb:334:in `block in run'
puma (3.12.6) lib/puma/thread_pool.rb:135:in `block in spawn_thread'
Started GET "/admins_backoffice/welcome/index" for ::1 at 2020-07-22 21:37:21 -0300
Processing by AdminsBackoffice::WelcomeController#index as HTML
  Rendering admins_backoffice/welcome/index.html.erb within layouts/admins_backoffice
  Rendered admins_backoffice/welcome/index.html.erb within layouts/admins_backoffice (0.6ms)
Completed 200 OK in 39ms (Views: 37.1ms | ActiveRecord: 0.0ms)


Started GET "/profiles_backoffice/welcome/index" for ::1 at 2020-07-22 21:38:14 -0300
Processing by ProfilesBackoffice::WelcomeController#index as HTML
  Rendering profiles_backoffice/welcome/index.html.erb within layouts/profiles_backoffice
  Rendered profiles_backoffice/welcome/index.html.erb within layouts/profiles_backoffice (0.5ms)
Completed 200 OK in 49ms (Views: 47.3ms | ActiveRecord: 0.0ms)


Started GET "/admins_backoffice/welcome/index" for ::1 at 2020-07-22 21:45:24 -0300
  [1m[35m (0.3ms)[0m  [1m[34mSELECT "schema_migrations"."version" FROM "schema_migrations" ORDER BY "schema_migrations"."version" ASC[0m
  ↳ /home/asalves/.rbenv/versions/2.7.1/lib/ruby/gems/2.7.0/gems/activerecord-5.2.4.3/lib/active_record/log_subscriber.rb:98
Processing by AdminsBackoffice::WelcomeController#index as HTML
  Rendering admins_backoffice/welcome/index.html.erb within layouts/admins_backoffice
  Rendered admins_backoffice/welcome/index.html.erb within layouts/admins_backoffice (2.0ms)
Completed 200 OK in 464ms (Views: 455.4ms | ActiveRecord: 0.0ms)


Started GET "/profiles_backoffice/welcome/index" for ::1 at 2020-07-22 21:45:33 -0300
Processing by ProfilesBackoffice::WelcomeController#index as HTML
  Rendering profiles_backoffice/welcome/index.html.erb within layouts/profiles_backoffice
  Rendered profiles_backoffice/welcome/index.html.erb within layouts/profiles_backoffice (0.4ms)
Completed 200 OK in 68ms (Views: 67.3ms | ActiveRecord: 0.0ms)


Started GET "/" for ::1 at 2020-07-22 21:46:00 -0300
Processing by WelcomeController#index as HTML
  Rendering welcome/index.html.erb within layouts/application
  Rendered welcome/index.html.erb within layouts/application (0.5ms)
Completed 200 OK in 64ms (Views: 62.0ms | ActiveRecord: 0.0ms)


Started GET "/" for ::1 at 2020-07-22 22:03:23 -0300
  [1m[35m (0.5ms)[0m  [1m[34mSELECT "schema_migrations"."version" FROM "schema_migrations" ORDER BY "schema_migrations"."version" ASC[0m
  ↳ /home/asalves/.rbenv/versions/2.7.1/lib/ruby/gems/2.7.0/gems/activerecord-5.2.4.3/lib/active_record/log_subscriber.rb:98
Processing by Site::WelcomeController#index as HTML
  Rendering site/welcome/index.html.erb within layouts/site
  Rendered site/welcome/index.html.erb within layouts/site (1.8ms)
Completed 200 OK in 464ms (Views: 453.9ms | ActiveRecord: 0.0ms)


Started GET "/" for ::1 at 2020-07-22 22:47:39 -0300
  [1m[35m (0.2ms)[0m  [1m[34mSELECT "schema_migrations"."version" FROM "schema_migrations" ORDER BY "schema_migrations"."version" ASC[0m
  ↳ /home/asalves/.rbenv/versions/2.7.1/lib/ruby/gems/2.7.0/gems/activerecord-5.2.4.3/lib/active_record/log_subscriber.rb:98
Processing by Site::WelcomeController#index as HTML
  Rendering site/welcome/index.html.erb within layouts/site
  Rendered site/welcome/index.html.erb within layouts/site (0.7ms)
Completed 200 OK in 275ms (Views: 267.3ms | ActiveRecord: 0.0ms)


Started GET "/admins/sign_in" for ::1 at 2020-07-22 22:47:49 -0300
Processing by Devise::SessionsController#new as HTML
  Rendering admins/sessions/new.html.erb within layouts/application
  Rendered admins/shared/_links.html.erb (1.3ms)
  Rendered admins/sessions/new.html.erb within layouts/application (544.3ms)
Completed 200 OK in 688ms (Views: 636.2ms | ActiveRecord: 2.6ms)


Started GET "/profiles_backoffice/welcome/index" for ::1 at 2020-07-22 22:48:00 -0300
Processing by ProfilesBackoffice::WelcomeController#index as HTML
Completed 401 Unauthorized in 1ms (ActiveRecord: 0.0ms)


Started GET "/profiles/sign_in" for ::1 at 2020-07-22 22:48:00 -0300
Processing by Devise::SessionsController#new as HTML
  Rendering profiles/sessions/new.html.erb within layouts/application
  Rendered profiles/shared/_links.html.erb (1.9ms)
  Rendered profiles/sessions/new.html.erb within layouts/application (19.3ms)
Completed 200 OK in 91ms (Views: 77.6ms | ActiveRecord: 0.8ms)


Started GET "/admins_backoffice/welcome/index" for ::1 at 2020-07-22 22:48:14 -0300
Processing by AdminsBackoffice::WelcomeController#index as HTML
Completed 401 Unauthorized in 1ms (ActiveRecord: 0.0ms)


Started GET "/admins/sign_in" for ::1 at 2020-07-22 22:48:14 -0300
Processing by Devise::SessionsController#new as HTML
  Rendering admins/sessions/new.html.erb within layouts/application
  Rendered admins/shared/_links.html.erb (1.1ms)
  Rendered admins/sessions/new.html.erb within layouts/application (4.5ms)
Completed 200 OK in 55ms (Views: 53.2ms | ActiveRecord: 0.0ms)


Started GET "/admins_backoffice/welcome/index" for ::1 at 2020-07-22 22:48:27 -0300
Processing by AdminsBackoffice::WelcomeController#index as HTML
Completed 401 Unauthorized in 1ms (ActiveRecord: 0.0ms)


Started GET "/admins/sign_in" for ::1 at 2020-07-22 22:48:27 -0300
Processing by Devise::SessionsController#new as HTML
  Rendering admins/sessions/new.html.erb within layouts/application
  Rendered admins/shared/_links.html.erb (1.0ms)
  Rendered admins/sessions/new.html.erb within layouts/application (5.2ms)
Completed 200 OK in 50ms (Views: 48.8ms | ActiveRecord: 0.0ms)


